Using pre-set license
Built from '2020.2/china_unity/release' branch; Version is '2020.2.3f1c1 (0868e01cc8b5) revision 551136'; Using compiler version '192528614'; Build Type 'Release'
OS: 'Windows 10 Pro; OS build 19041.1052; Version 2004; 64bit' Language: 'zh' Physical Memory: 16301 MB
BatchMode: 1, IsHumanControllingUs: 0, StartBugReporterOnCrash: 0, Is64bit: 1, IsPro: 0

 COMMAND LINE ARGUMENTS:
C:\Program Files\Unity\Hub\Editor\2020.2.3f1c1\Editor\Unity.exe
-adb2
-batchMode
-noUpm
-name
AssetImportWorker0
-projectPath
C:/Users/29450/OneDrive/Documents/GitHub/BearMachine/BearMachineGrids
-logFile
Logs/AssetImportWorker0.log
-srvPort
58714
Successfully changed project path to: C:/Users/29450/OneDrive/Documents/GitHub/BearMachine/BearMachineGrids
C:/Users/29450/OneDrive/Documents/GitHub/BearMachine/BearMachineGrids
Using Asset Import Pipeline V2.
Refreshing native plugins compatible for Editor in 27.69 ms, found 0 plugins.
Preloading 0 native plugins for Editor in 0.00 ms.
Initialize engine version: 2020.2.3f1c1 (0868e01cc8b5)
[Subsystems] Discovering subsystems at path C:/Program Files/Unity/Hub/Editor/2020.2.3f1c1/Editor/Data/Resources/UnitySubsystems
[Subsystems] Discovering subsystems at path C:/Users/29450/OneDrive/Documents/GitHub/BearMachine/BearMachineGrids/Assets
GfxDevice: creating device client; threaded=0
Direct3D:
    Version:  Direct3D 11.0 [level 11.1]
    Renderer: NVIDIA GeForce GTX 1060 (ID=0x1c20)
    Vendor:   
    VRAM:     6054 MB
    Driver:   27.21.14.6079
Initialize mono
Mono path[0] = 'C:/Program Files/Unity/Hub/Editor/2020.2.3f1c1/Editor/Data/Managed'
Mono path[1] = 'C:/Program Files/Unity/Hub/Editor/2020.2.3f1c1/Editor/Data/MonoBleedingEdge/lib/mono/unityjit'
Mono config path = 'C:/Program Files/Unity/Hub/Editor/2020.2.3f1c1/Editor/Data/MonoBleedingEdge/etc'
Using monoOptions --debugger-agent=transport=dt_socket,embedding=1,server=y,suspend=n,address=127.0.0.1:56520
Begin MonoManager ReloadAssembly
Registering precompiled unity dll's ...
Register platform support module: C:/Program Files/Unity/Hub/Editor/2020.2.3f1c1/Editor/Data/PlaybackEngines/WindowsStandaloneSupport/UnityEditor.WindowsStandalone.Extensions.dll
Registered in 0.002930 seconds.
Native extension for WindowsStandalone target not found
Refreshing native plugins compatible for Editor in 28.38 ms, found 0 plugins.
Preloading 0 native plugins for Editor in 0.00 ms.
Invoked RoslynAnalysisRunner static constructor.
RoslynAnalysisRunner will not be running.
RoslynAnalysisRunner has terminated.
Mono: successfully reloaded assembly
- Completed reload, in  2.648 seconds
Platform modules already initialized, skipping
Registering precompiled user dll's ...
Registered in 0.000895 seconds.
Begin MonoManager ReloadAssembly
Native extension for WindowsStandalone target not found
Refreshing native plugins compatible for Editor in 0.25 ms, found 0 plugins.
Preloading 0 native plugins for Editor in 0.00 ms.
Invoked RoslynAnalysisRunner static constructor.
RoslynAnalysisRunner will not be running.
RoslynAnalysisRunner has terminated.
Mono: successfully reloaded assembly
- Completed reload, in  1.400 seconds
Platform modules already initialized, skipping
========================================================================
Worker process is ready to serve import requests
Launched and connected shader compiler UnityShaderCompiler.exe after 0.06 seconds
Refreshing native plugins compatible for Editor in 0.24 ms, found 0 plugins.
Preloading 0 native plugins for Editor in 0.00 ms.
Unloading 1106 Unused Serialized files (Serialized files now loaded: 0)
System memory in use before: 56.7 MB.
System memory in use after: 56.7 MB.

Unloading 9 unused Assets to reduce memory usage. Loaded Objects now: 1549.
Total: 1.842300 ms (FindLiveObjects: 0.165500 ms CreateObjectMapping: 0.045100 ms MarkObjects: 1.559400 ms  DeleteObjects: 0.071200 ms)

========================================================================
Received Import Request.
  path: Assets/Scenes
  artifactKey: Guid(63a7d1bc8c428c749924b25cbc1d8ac7) Importer(815301076,1909f56bfc062723c751e8b465ee728b)
Start importing Assets/Scenes using Guid(63a7d1bc8c428c749924b25cbc1d8ac7) Importer(815301076,1909f56bfc062723c751e8b465ee728b)  -> (artifact id: 'e81db842045f8c436994e82b88ce4870') in 0.012786 seconds
  Import took 0.015437 seconds .

========================================================================
Received Import Request.
  Time since last request: 0.000242 seconds.
  path: Assets/Scenes/SampleScene.unity
  artifactKey: Guid(9fc0d4010bbf28b4594072e72b8655ab) Importer(815301076,1909f56bfc062723c751e8b465ee728b)
Start importing Assets/Scenes/SampleScene.unity using Guid(9fc0d4010bbf28b4594072e72b8655ab) Importer(815301076,1909f56bfc062723c751e8b465ee728b)  -> (artifact id: '0fb72c661e3d19fbcdddafe8a2f21912') in 0.017298 seconds
  Import took 0.019728 seconds .

========================================================================
Received Import Request.
  Time since last request: 291.732318 seconds.
  path: Assets
  artifactKey: Guid(00000000000000001000000000000000) Importer(815301076,1909f56bfc062723c751e8b465ee728b)
Start importing Assets using Guid(00000000000000001000000000000000) Importer(815301076,1909f56bfc062723c751e8b465ee728b)  -> (artifact id: '174a32798371b1688d64da6efa0603e9') in 0.014099 seconds
  Import took 0.017802 seconds .

========================================================================
Received Prepare
Registering precompiled user dll's ...
Registered in 0.000818 seconds.
Begin MonoManager ReloadAssembly
Native extension for WindowsStandalone target not found
Refreshing native plugins compatible for Editor in 0.24 ms, found 0 plugins.
Preloading 0 native plugins for Editor in 0.00 ms.
Invoked RoslynAnalysisRunner static constructor.
RoslynAnalysisRunner will not be running.
RoslynAnalysisRunner has terminated.
Mono: successfully reloaded assembly
- Completed reload, in  1.089 seconds
Platform modules already initialized, skipping
Refreshing native plugins compatible for Editor in 0.24 ms, found 0 plugins.
Preloading 0 native plugins for Editor in 0.00 ms.
Unloading 1100 Unused Serialized files (Serialized files now loaded: 0)
System memory in use before: 56.5 MB.
System memory in use after: 56.6 MB.

Unloading 4 unused Assets to reduce memory usage. Loaded Objects now: 1551.
Total: 1.850600 ms (FindLiveObjects: 0.191500 ms CreateObjectMapping: 0.042500 ms MarkObjects: 1.590500 ms  DeleteObjects: 0.024300 ms)

========================================================================
Received Import Request.
  Time since last request: 10.573134 seconds.
  path: Assets/Environment
  artifactKey: Guid(e93679d8ddaa2204aa42155f5dd37d09) Importer(815301076,1909f56bfc062723c751e8b465ee728b)
Start importing Assets/Environment using Guid(e93679d8ddaa2204aa42155f5dd37d09) Importer(815301076,1909f56bfc062723c751e8b465ee728b)  -> (artifact id: '73ecfcaa35761a6369cb1659447dbe68') in 0.012945 seconds
  Import took 0.015254 seconds .

========================================================================
Received Import Request.
  Time since last request: 5.184518 seconds.
  path: Assets/Environment/Characters
  artifactKey: Guid(c12c68ab3f08f0f4e8cbdc0593827315) Importer(815301076,1909f56bfc062723c751e8b465ee728b)
Start importing Assets/Environment/Characters using Guid(c12c68ab3f08f0f4e8cbdc0593827315) Importer(815301076,1909f56bfc062723c751e8b465ee728b)  -> (artifact id: '9b4a49ceff48754952e9ca4d9a7d7ecc') in 0.043665 seconds
  Import took 0.045811 seconds .

========================================================================
Received Import Request.
  Time since last request: 3.313218 seconds.
  path: Assets/Environment/Characters/Player.prefab
  artifactKey: Guid(a012c7761fbbd92409b2376d0e1f4305) Importer(815301076,1909f56bfc062723c751e8b465ee728b)
Start importing Assets/Environment/Characters/Player.prefab using Guid(a012c7761fbbd92409b2376d0e1f4305) Importer(815301076,1909f56bfc062723c751e8b465ee728b)  -> (artifact id: '69ee04fbfc57fa126cac182949a91d0f') in 0.171782 seconds
  Import took 0.175500 seconds .

========================================================================
Received Import Request.
  Time since last request: 5.798591 seconds.
  path: Assets/Environment/Characters/Basic
  artifactKey: Guid(021adc3b954b90842a50d6bc114a543d) Importer(815301076,1909f56bfc062723c751e8b465ee728b)
Start importing Assets/Environment/Characters/Basic using Guid(021adc3b954b90842a50d6bc114a543d) Importer(815301076,1909f56bfc062723c751e8b465ee728b)  -> (artifact id: 'd6422d09a1e8e2f107a1b81e35173da6') in 0.014374 seconds
  Import took 0.016755 seconds .

========================================================================
Received Import Request.
  Time since last request: 156.337108 seconds.
  path: Assets/Environment/Characters/Basic/Player.prefab
  artifactKey: Guid(a012c7761fbbd92409b2376d0e1f4305) Importer(815301076,1909f56bfc062723c751e8b465ee728b)
Start importing Assets/Environment/Characters/Basic/Player.prefab using Guid(a012c7761fbbd92409b2376d0e1f4305) Importer(815301076,1909f56bfc062723c751e8b465ee728b)  -> (artifact id: 'ea3215bc38df9c8cd5b65f05024d0c95') in 0.034223 seconds
  Import took 0.042302 seconds .

========================================================================
Received Import Request.
  Time since last request: 0.003096 seconds.
  path: Assets/Environment/Characters/Basic/Player.prefab
  artifactKey: Guid(a012c7761fbbd92409b2376d0e1f4305) Importer(815301076,1909f56bfc062723c751e8b465ee728b)
Start importing Assets/Environment/Characters/Basic/Player.prefab using Guid(a012c7761fbbd92409b2376d0e1f4305) Importer(815301076,1909f56bfc062723c751e8b465ee728b)  -> (artifact id: 'ea3215bc38df9c8cd5b65f05024d0c95') in 0.015166 seconds
  Import took 0.018746 seconds .

AssetImportWorkerClient::OnTransportError - code=2 error=End of file
